# JRE version: OpenJDK Runtime Environment (10.0.1+10) (build 10.0.1+10-Ubuntu-3ubuntu1)
# Java VM: OpenJDK 64-Bit Server VM (10.0.1+10-Ubuntu-3ubuntu1, mixed mode, tiered, compressed oops, g1 gc, linux-amd64)
Heap:
 garbage-first heap   total 368640K, used 33630K [0x0000000085400000, 0x0000000100000000)
  region size 1024K, 2 young (2048K), 2 survivors (2048K)
 Metaspace       used 31309K, capacity 31981K, committed 32384K, reserved 1079296K
  class space    used 2900K, capacity 3172K, committed 3200K, reserved 1048576K
GC Heap History (10 events):
Event: 2696,366 GC heap after
{Heap after GC invocations=65 (full 0):
 garbage-first heap   total 155648K, used 32497K [0x0000000085400000, 0x0000000100000000)
  region size 1024K, 2 young (2048K), 2 survivors (2048K)
 Metaspace       used 31294K, capacity 31981K, committed 32384K, reserved 1079296K
  class space    used 2900K, capacity 3172K, committed 3200K, reserved 1048576K
}
Event: 2703,032 GC heap before
{Heap before GC invocations=65 (full 0):
 garbage-first heap   total 155648K, used 37617K [0x0000000085400000, 0x0000000100000000)
  region size 1024K, 7 young (7168K), 2 survivors (2048K)
 Metaspace       used 31294K, capacity 31981K, committed 32384K, reserved 1079296K
  class space    used 2900K, capacity 3172K, committed 3200K, reserved 1048576K
}
Event: 2704,588 GC heap after
{Heap after GC invocations=66 (full 0):
 garbage-first heap   total 221184K, used 32512K [0x0000000085400000, 0x0000000100000000)
  region size 1024K, 1 young (1024K), 1 survivors (1024K)
 Metaspace       used 31294K, capacity 31981K, committed 32384K, reserved 1079296K
  class space    used 2900K, capacity 3172K, committed 3200K, reserved 1048576K
}
Event: 2718,882 GC heap before
{Heap before GC invocations=66 (full 0):
 garbage-first heap   total 221184K, used 41728K [0x0000000085400000, 0x0000000100000000)
  region size 1024K, 10 young (10240K), 1 survivors (1024K)
 Metaspace       used 31295K, capacity 31981K, committed 32384K, reserved 1079296K
  class space    used 2900K, capacity 3172K, committed 3200K, reserved 1048576K
}
Event: 2719,834 GC heap after
{Heap after GC invocations=67 (full 0):
 garbage-first heap   total 221184K, used 32435K [0x0000000085400000, 0x0000000100000000)
  region size 1024K, 1 young (1024K), 1 survivors (1024K)
 Metaspace       used 31295K, capacity 31981K, committed 32384K, reserved 1079296K
  class space    used 2900K, capacity 3172K, committed 3200K, reserved 1048576K
}
Event: 2739,193 GC heap before
{Heap before GC invocations=67 (full 0):
 garbage-first heap   total 221184K, used 41651K [0x0000000085400000, 0x0000000100000000)
  region size 1024K, 10 young (10240K), 1 survivors (1024K)
 Metaspace       used 31295K, capacity 31981K, committed 32384K, reserved 1079296K
  class space    used 2900K, capacity 3172K, committed 3200K, reserved 1048576K
}
Event: 2740,646 GC heap after
{Heap after GC invocations=68 (full 0):
 garbage-first heap   total 221184K, used 32582K [0x0000000085400000, 0x0000000100000000)
  region size 1024K, 1 young (1024K), 1 survivors (1024K)
 Metaspace       used 31295K, capacity 31981K, committed 32384K, reserved 1079296K
  class space    used 2900K, capacity 3172K, committed 3200K, reserved 1048576K
}
Event: 2765,164 GC heap before
{Heap before GC invocations=68 (full 0):
 garbage-first heap   total 221184K, used 41798K [0x0000000085400000, 0x0000000100000000)
  region size 1024K, 10 young (10240K), 1 survivors (1024K)
 Metaspace       used 31295K, capacity 31981K, committed 32384K, reserved 1079296K
  class space    used 2900K, capacity 3172K, committed 3200K, reserved 1048576K
}
Event: 2765,741 GC heap after
{Heap after GC invocations=69 (full 0):
 garbage-first heap   total 221184K, used 32836K [0x0000000085400000, 0x0000000100000000)
  region size 1024K, 1 young (1024K), 1 survivors (1024K)
 Metaspace       used 31295K, capacity 31981K, committed 32384K, reserved 1079296K
  class space    used 2900K, capacity 3172K, committed 3200K, reserved 1048576K
}
Event: 2778,628 GC heap before
{Heap before GC invocations=69 (full 0):
 garbage-first heap   total 221184K, used 42052K [0x0000000085400000, 0x0000000100000000)
  region size 1024K, 10 young (10240K), 1 survivors (1024K)
 Metaspace       used 31309K, capacity 31981K, committed 32384K, reserved 1079296K
  class space    used 2900K, capacity 3172K, committed 3200K, reserved 1048576K
}

